<?xml version="1.0" encoding="UTF-8"?>
<!-- Generated by org.testng.reporters.JUnitReportReporter -->
<testsuite skipped="0" hostname="DESKTOP-3HM3893" name="com.qa.hover.test.TaskPage2Test" tests="1" failures="0" timestamp="29 Apr 2020 10:49:43 GMT" time="6.375" errors="0">
  <testcase name="test1" time="6.375" classname="com.qa.hover.test.TaskPage2Test"/>
</testsuite> <!-- com.qa.hover.test.TaskPage2Test -->
