<?xml version="1.0" encoding="UTF-8"?>
<!-- Generated by org.testng.reporters.JUnitReportReporter -->
<testsuite skipped="0" hostname="DESKTOP-3HM3893" name="com.qa.hover.test.CategoryLinkCheckPage3Test" tests="19" failures="0" timestamp="02 May 2020 10:15:18 GMT" time="1126.637" errors="0">
  <testcase name="LinkCheck_AllCategory" time="76.029" classname="com.qa.hover.test.CategoryLinkCheckPage3Test"/>
  <testcase name="linkCheck_10InchHoverBoardTest" time="78.169" classname="com.qa.hover.test.CategoryLinkCheckPage3Test"/>
  <testcase name="linkCheck_65InchHoverBoardTest" time="55.329" classname="com.qa.hover.test.CategoryLinkCheckPage3Test"/>
  <testcase name="linkCheck_HoverBoard8InchTest" time="52.124" classname="com.qa.hover.test.CategoryLinkCheckPage3Test"/>
  <testcase name="linkCheck_HoverBoard_OffRoad85Test" time="70.355" classname="com.qa.hover.test.CategoryLinkCheckPage3Test"/>
  <testcase name="linkCheck_HoverBoard_9InchTest" time="30.710" classname="com.qa.hover.test.CategoryLinkCheckPage3Test"/>
  <testcase name="linkCheck_AccessoriesTest" time="38.154" classname="com.qa.hover.test.CategoryLinkCheckPage3Test"/>
  <testcase name="linkCheck_Adjustable_cartTest" time="32.382" classname="com.qa.hover.test.CategoryLinkCheckPage3Test"/>
  <testcase name="linkCheck_Hoverboard_BlackTest" time="40.932" classname="com.qa.hover.test.CategoryLinkCheckPage3Test"/>
  <testcase name="linkCheck_Hoverboard_BlueTest" time="43.114" classname="com.qa.hover.test.CategoryLinkCheckPage3Test"/>
  <testcase name="linkCheck_Hoverboard_CheapTest" time="58.442" classname="com.qa.hover.test.CategoryLinkCheckPage3Test"/>
  <testcase name="linkCheck_Hoverboard_GoldTest" time="37.612" classname="com.qa.hover.test.CategoryLinkCheckPage3Test"/>
  <testcase name="linkCheck_HoverBoard_ChargerTest" time="88.507" classname="com.qa.hover.test.CategoryLinkCheckPage3Test"/>
  <testcase name="linkCheck_HoverBoard_HabdleBarTest" time="69.922" classname="com.qa.hover.test.CategoryLinkCheckPage3Test"/>
  <testcase name="linkCheck_HoverBoard_GraffitiTest" time="102.910" classname="com.qa.hover.test.CategoryLinkCheckPage3Test"/>
  <testcase name="linkCheck_HoverBoard_RedTest" time="33.652" classname="com.qa.hover.test.CategoryLinkCheckPage3Test"/>
  <testcase name="linkCheck_SegwaysTest" time="70.515" classname="com.qa.hover.test.CategoryLinkCheckPage3Test"/>
  <testcase name="linkCheck_Self_Balancing_ScooterTest" time="119.541" classname="com.qa.hover.test.CategoryLinkCheckPage3Test"/>
  <testcase name="linkCheck_HoverBoard_WhiteTest" time="28.238" classname="com.qa.hover.test.CategoryLinkCheckPage3Test"/>
</testsuite> <!-- com.qa.hover.test.CategoryLinkCheckPage3Test -->
