<?xml version="1.0" encoding="UTF-8"?>
<!-- Generated by org.testng.reporters.JUnitReportReporter -->
<testsuite skipped="0" hostname="DESKTOP-3HM3893" name="com.qa.hover.test.CategoryLinkCheckPage3Test" tests="1" failures="0" timestamp="04 May 2020 10:42:08 GMT" time="67.898" errors="0">
  <testcase name="linkCheck_SegwaysTest" time="67.898" classname="com.qa.hover.test.CategoryLinkCheckPage3Test"/>
</testsuite> <!-- com.qa.hover.test.CategoryLinkCheckPage3Test -->
