<?xml version="1.0" encoding="UTF-8"?>
<!-- Generated by org.testng.reporters.JUnitReportReporter -->
<testsuite skipped="0" hostname="DESKTOP-3HM3893" name="com.qa.hover.test.testclass" tests="1" failures="0" timestamp="03 May 2020 08:16:08 GMT" time="38.070" errors="0">
  <testcase name="test1" time="38.070" classname="com.qa.hover.test.testclass"/>
</testsuite> <!-- com.qa.hover.test.testclass -->
